<?xml version="1.0" encoding="UTF-8"?>
<!-- Generated by org.testng.reporters.JUnitReportReporter -->
<testsuite hostname="LAPTOP-GCEPLDKO" failures="0" tests="1" name="TestRunnerFive.TestRunnerFiveDemo" time="28.233" errors="0" timestamp="2021-07-13T16:10:08 PDT" skipped="0">
  <testcase classname="TestRunnerFive.TestRunnerFiveDemo" name="feature" time="28.233"/>
  <system-out/>
</testsuite> <!-- TestRunnerFive.TestRunnerFiveDemo -->
