<?xml version="1.0" encoding="UTF-8"?>
<!-- Generated by org.testng.reporters.JUnitReportReporter -->
<testsuite hostname="LAPTOP-GCEPLDKO" failures="0" tests="1" name="TestRunnerFive.TestRunnerFiveDemo" time="30.726" errors="0" timestamp="2021-07-02T17:16:50 PDT" skipped="0">
  <testcase classname="TestRunnerFive.TestRunnerFiveDemo" name="feature" time="30.726"/>
  <system-out/>
</testsuite> <!-- TestRunnerFive.TestRunnerFiveDemo -->
